<?xml version="1.0" encoding="UTF-8"?>
<testng-results skipped="0" failed="0" total="0" passed="0">
  <reporter-output>
  </reporter-output>
  <suite name="Selenium.Project.AppTest" duration-ms="6" started-at="2019-09-10T13:30:12Z" finished-at="2019-09-10T13:30:12Z">
    <groups>
    </groups>
    <test name="Command line test" duration-ms="6" started-at="2019-09-10T13:30:12Z" finished-at="2019-09-10T13:30:12Z">
    </test> <!-- Command line test -->
  </suite> <!-- Selenium.Project.AppTest -->
</testng-results>
