<?xml version="1.0" encoding="UTF-8"?>
<testng-results skipped="0" failed="0" ignored="0" total="1" passed="1">
  <reporter-output>
  </reporter-output>
  <suite name="Suite" duration-ms="13177" started-at="2019-09-10T19:17:30 IST" finished-at="2019-09-10T19:17:43 IST">
    <groups>
    </groups>
    <test name="Test" duration-ms="13177" started-at="2019-09-10T19:17:30 IST" finished-at="2019-09-10T19:17:43 IST">
      <class name="Selenium.Project.App">
        <test-method status="PASS" signature="loginpage()[pri:0, instance:Selenium.Project.App@1dfe2924]" name="loginpage" duration-ms="10357" started-at="2019-09-10T19:17:30 IST" finished-at="2019-09-10T19:17:41 IST">
          <reporter-output>
          </reporter-output>
        </test-method> <!-- loginpage -->
        <test-method status="PASS" signature="terminateBrowser()[pri:0, instance:Selenium.Project.App@1dfe2924]" name="terminateBrowser" is-config="true" duration-ms="2763" started-at="2019-09-10T19:17:41 IST" finished-at="2019-09-10T19:17:43 IST">
          <reporter-output>
          </reporter-output>
        </test-method> <!-- terminateBrowser -->
      </class> <!-- Selenium.Project.App -->
    </test> <!-- Test -->
  </suite> <!-- Suite -->
</testng-results>
