<?xml version="1.0" encoding="UTF-8"?>
<testng-results skipped="0" failed="0" ignored="0" total="1" passed="1">
  <reporter-output>
  </reporter-output>
  <suite name="Default suite" duration-ms="14007" started-at="2019-09-10T15:02:45 IST" finished-at="2019-09-10T15:02:59 IST">
    <groups>
    </groups>
    <test name="Default test" duration-ms="14007" started-at="2019-09-10T15:02:45 IST" finished-at="2019-09-10T15:02:59 IST">
      <class name="Selenium.Project.App">
        <test-method status="PASS" signature="loginpage()[pri:0, instance:Selenium.Project.App@1dfe2924]" name="loginpage" duration-ms="12711" started-at="2019-09-10T15:02:45 IST" finished-at="2019-09-10T15:02:58 IST">
          <reporter-output>
          </reporter-output>
        </test-method> <!-- loginpage -->
        <test-method status="PASS" signature="terminateBrowser()[pri:0, instance:Selenium.Project.App@1dfe2924]" name="terminateBrowser" is-config="true" duration-ms="1237" started-at="2019-09-10T15:02:58 IST" finished-at="2019-09-10T15:02:59 IST">
          <reporter-output>
          </reporter-output>
        </test-method> <!-- terminateBrowser -->
      </class> <!-- Selenium.Project.App -->
    </test> <!-- Default test -->
  </suite> <!-- Default suite -->
</testng-results>
